<?xml version="1.0" encoding="UTF-8"?>
<!-- Generated by org.testng.reporters.JUnitReportReporter -->
<testsuite skipped="4" hostname="Dwipesh" name="com.test.phptravelsUser.TestSuit1" tests="5" failures="0" timestamp="19 Apr 2019 07:17:35 GMT" time="20.591" errors="0">
  <testcase name="testCase1" time="20.591" classname="com.test.phptravelsUser.TestSuit1"/>
  <testcase name="testCase2" classname="com.test.phptravelsUser.TestSuit1">
    <skipped/>
  </testcase> <!-- testCase2 -->
  <testcase name="imageTestClickFlight" classname="com.test.phptravelsUser.TestSuit1">
    <skipped/>
  </testcase> <!-- imageTestClickFlight -->
  <testcase name="testCase3" classname="com.test.phptravelsUser.TestSuit1">
    <skipped/>
  </testcase> <!-- testCase3 -->
  <testcase name="testCase4" classname="com.test.phptravelsUser.TestSuit1">
    <skipped/>
  </testcase> <!-- testCase4 -->
</testsuite> <!-- com.test.phptravelsUser.TestSuit1 -->
